# JRE version: OpenJDK Runtime Environment (11.0.3+12) (build 11.0.3+12-b304.56)
# Java VM: OpenJDK 64-Bit Server VM (11.0.3+12-b304.56, mixed mode, sharing, tiered, compressed oops, g1 gc, windows-amd64)
Heap:
 garbage-first heap   total 131072K, used 46012K [0x0000000081a00000, 0x0000000100000000)
  region size 1024K, 23 young (23552K), 5 survivors (5120K)
 Metaspace       used 24925K, capacity 26198K, committed 26496K, reserved 1071104K
  class space    used 3314K, capacity 3859K, committed 3968K, reserved 1048576K
GC Heap History (6 events):
Event: 1.305 GC heap before
{Heap before GC invocations=0 (full 0):
 garbage-first heap   total 131072K, used 13312K [0x0000000081a00000, 0x0000000100000000)
  region size 1024K, 14 young (14336K), 0 survivors (0K)
 Metaspace       used 4196K, capacity 7027K, committed 7296K, reserved 1056768K
  class space    used 442K, capacity 777K, committed 896K, reserved 1048576K
}
Event: 1.513 GC heap after
{Heap after GC invocations=1 (full 0):
 garbage-first heap   total 131072K, used 2912K [0x0000000081a00000, 0x0000000100000000)
  region size 1024K, 2 young (2048K), 2 survivors (2048K)
 Metaspace       used 4196K, capacity 7027K, committed 7296K, reserved 1056768K
  class space    used 442K, capacity 777K, committed 896K, reserved 1048576K
}
Event: 7.780 GC heap before
{Heap before GC invocations=1 (full 0):
 garbage-first heap   total 131072K, used 65376K [0x0000000081a00000, 0x0000000100000000)
  region size 1024K, 59 young (60416K), 2 survivors (2048K)
 Metaspace       used 20059K, capacity 20999K, committed 21248K, reserved 1067008K
  class space    used 2655K, capacity 3050K, committed 3072K, reserved 1048576K
}
Event: 7.804 GC heap after
{Heap after GC invocations=2 (full 0):
 garbage-first heap   total 131072K, used 17185K [0x0000000081a00000, 0x0000000100000000)
  region size 1024K, 10 young (10240K), 10 survivors (10240K)
 Metaspace       used 20059K, capacity 20999K, committed 21248K, reserved 1067008K
  class space    used 2655K, capacity 3050K, committed 3072K, reserved 1048576K
}
Event: 10.480 GC heap before
{Heap before GC invocations=3 (full 0):
 garbage-first heap   total 131072K, used 44833K [0x0000000081a00000, 0x0000000100000000)
  region size 1024K, 37 young (37888K), 10 survivors (10240K)
 Metaspace       used 23142K, capacity 24323K, committed 24448K, reserved 1071104K
  class space    used 3167K, capacity 3667K, committed 3712K, reserved 1048576K
}
Event: 10.514 GC heap after
{Heap after GC invocations=4 (full 0):
 garbage-first heap   total 131072K, used 24508K [0x0000000081a00000, 0x0000000100000000)
  region size 1024K, 5 young (5120K), 5 survivors (5120K)
 Metaspace       used 23142K, capacity 24323K, committed 24448K, reserved 1071104K
  class space    used 3167K, capacity 3667K, committed 3712K, reserved 1048576K
}

